<?xml version="1.0" encoding="UTF-8"?>
<robot generator="Robot 6.1 (Python 3.11.4 on win32)" generated="20231126 22:49:32.089" rpa="false" schemaversion="4">
<suite id="s1" name="Blog Detail" source="C:\Assignment\viewAssignment\testcases\features\blog_detail.robot">
<test id="s1-t1" name="TC_001 Compare sub title from each blog and blog from search result should be the same" line="8">
<kw name="Open browser and set window size" library="common_keywords" type="SETUP">
<doc>Open browser and set window size</doc>
<kw name="Open Browser" library="SeleniumLibrary">
<arg>url=${HOST_URL}</arg>
<arg>browser=${BROWSER}</arg>
<doc>Opens a new browser instance to the optional ``url``.</doc>
<msg timestamp="20231126 22:49:32.310" level="INFO">Opening browser 'Chrome' to base url 'https://hugeman.co/'.</msg>
<status status="PASS" starttime="20231126 22:49:32.310" endtime="20231126 22:49:35.288"/>
</kw>
<kw name="Set Window Size" library="SeleniumLibrary">
<arg>width=${1920}</arg>
<arg>height=${1080}</arg>
<doc>Sets current windows size to given ``width`` and ``height``.</doc>
<status status="PASS" starttime="20231126 22:49:35.288" endtime="20231126 22:49:35.678"/>
</kw>
<status status="PASS" starttime="20231126 22:49:32.310" endtime="20231126 22:49:35.678"/>
</kw>
<kw name="Click accept consent" library="home_page">
<kw name="Click visible element" library="common_keywords">
<arg>${HOME_PAGE.btn_accept_consent}</arg>
<doc>To click the visible element</doc>
<kw name="Wait Until Element Is Visible" library="SeleniumLibrary">
<arg>${locator}</arg>
<doc>Waits until the element ``locator`` is visible.</doc>
<status status="PASS" starttime="20231126 22:49:35.678" endtime="20231126 22:49:35.737"/>
</kw>
<kw name="Click Element" library="SeleniumLibrary">
<arg>${locator}</arg>
<doc>Click the element identified by ``locator``.</doc>
<msg timestamp="20231126 22:49:35.737" level="INFO">Clicking element 'id=wt-cli-accept-all-btn'.</msg>
<status status="PASS" starttime="20231126 22:49:35.737" endtime="20231126 22:49:35.820"/>
</kw>
<status status="PASS" starttime="20231126 22:49:35.678" endtime="20231126 22:49:35.820"/>
</kw>
<status status="PASS" starttime="20231126 22:49:35.678" endtime="20231126 22:49:35.820"/>
</kw>
<kw name="Scroll down and Click on more stories button" library="home_features">
<kw name="Scroll down to the more stories button" library="home_page">
<kw name="Scroll Element Into View" library="SeleniumLibrary">
<arg>${HOME_PAGE.btn_more_stories}</arg>
<doc>Scrolls the element identified by ``locator`` into view.</doc>
<status status="PASS" starttime="20231126 22:49:35.827" endtime="20231126 22:49:36.181"/>
</kw>
<status status="PASS" starttime="20231126 22:49:35.827" endtime="20231126 22:49:36.181"/>
</kw>
<kw name="Click on more stories button" library="home_page">
<kw name="Click visible element" library="common_keywords">
<arg>${HOME_PAGE.btn_more_stories}</arg>
<doc>To click the visible element</doc>
<kw name="Wait Until Element Is Visible" library="SeleniumLibrary">
<arg>${locator}</arg>
<doc>Waits until the element ``locator`` is visible.</doc>
<status status="PASS" starttime="20231126 22:49:36.181" endtime="20231126 22:49:36.209"/>
</kw>
<kw name="Click Element" library="SeleniumLibrary">
<arg>${locator}</arg>
<doc>Click the element identified by ``locator``.</doc>
<msg timestamp="20231126 22:49:36.209" level="INFO">Clicking element 'xpath=//div[@data-id='2e64cfb']//a[@class='elementor-button elementor-button-link elementor-size-sm']'.</msg>
<status status="PASS" starttime="20231126 22:49:36.209" endtime="20231126 22:49:37.089"/>
</kw>
<status status="PASS" starttime="20231126 22:49:36.181" endtime="20231126 22:49:37.089"/>
</kw>
<status status="PASS" starttime="20231126 22:49:36.181" endtime="20231126 22:49:37.089"/>
</kw>
<status status="PASS" starttime="20231126 22:49:35.827" endtime="20231126 22:49:37.089"/>
</kw>
<kw name="Scroll down to blog section and Select tab menu" library="blog_features">
<arg>${BLOG_PAGE.btn_tech}</arg>
<doc>${locator_tab_menu} is tap menu that user need to select.</doc>
<kw name="Scroll down to blog section on Blog page" library="blog_page">
<kw name="Scroll Element Into View" library="SeleniumLibrary">
<arg>${BLOG_PAGE.lbl_blog_title}</arg>
<doc>Scrolls the element identified by ``locator`` into view.</doc>
<status status="PASS" starttime="20231126 22:49:37.089" endtime="20231126 22:49:41.944"/>
</kw>
<status status="PASS" starttime="20231126 22:49:37.089" endtime="20231126 22:49:41.944"/>
</kw>
<kw name="Select tab menu" library="blog_page">
<arg>${locator_tab_menu}</arg>
<doc>${Locator_tab} is tap menu that user need to select.</doc>
<kw name="Click visible element" library="common_keywords">
<arg>${Locator_tab}</arg>
<doc>To click the visible element</doc>
<kw name="Wait Until Element Is Visible" library="SeleniumLibrary">
<arg>${locator}</arg>
<doc>Waits until the element ``locator`` is visible.</doc>
<status status="PASS" starttime="20231126 22:49:41.944" endtime="20231126 22:49:41.970"/>
</kw>
<kw name="Click Element" library="SeleniumLibrary">
<arg>${locator}</arg>
<doc>Click the element identified by ``locator``.</doc>
<msg timestamp="20231126 22:49:41.970" level="INFO">Clicking element 'id=jet-tabs-control-9044'.</msg>
<status status="PASS" starttime="20231126 22:49:41.970" endtime="20231126 22:49:42.127"/>
</kw>
<status status="PASS" starttime="20231126 22:49:41.944" endtime="20231126 22:49:42.127"/>
</kw>
<status status="PASS" starttime="20231126 22:49:41.944" endtime="20231126 22:49:42.127"/>
</kw>
<kw name="Scroll to the blog list" library="blog_page">
<kw name="Scroll Element Into View" library="SeleniumLibrary">
<arg>${BLOG_PAGE.lbl_blog_list}</arg>
<doc>Scrolls the element identified by ``locator`` into view.</doc>
<status status="PASS" starttime="20231126 22:49:42.127" endtime="20231126 22:49:42.610"/>
</kw>
<status status="PASS" starttime="20231126 22:49:42.127" endtime="20231126 22:49:42.610"/>
</kw>
<status status="PASS" starttime="20231126 22:49:37.089" endtime="20231126 22:49:42.610"/>
</kw>
<kw name="Get the sub title from the first 3 blogs" library="blog_detail_features">
<kw name="Create List" library="BuiltIn">
<var>${text_array}</var>
<doc>Returns a list containing given items.</doc>
<msg timestamp="20231126 22:49:42.610" level="INFO">${text_array} = []</msg>
<status status="PASS" starttime="20231126 22:49:42.610" endtime="20231126 22:49:42.610"/>
</kw>
<for flavor="IN RANGE">
<var>${index}</var>
<value>1</value>
<value>4</value>
<iter>
<var name="${index}">1</var>
<kw name="Convert To String" library="BuiltIn">
<var>${index_string}</var>
<arg>${index}</arg>
<doc>Converts the given item to a Unicode string.</doc>
<msg timestamp="20231126 22:49:42.610" level="INFO">${index_string} = 1</msg>
<status status="PASS" starttime="20231126 22:49:42.610" endtime="20231126 22:49:42.610"/>
</kw>
<kw name="Replace String" library="String">
<var>${current_xpath}</var>
<arg>${BLOG_DETAIL_PAGE.lbl_blog_list}</arg>
<arg>index</arg>
<arg>${index_string}</arg>
<doc>Replaces ``search_for`` in the given ``string`` with ``replace_with``.</doc>
<msg timestamp="20231126 22:49:42.610" level="INFO">${current_xpath} = xpath=//div[@data-template-id='12988' and @role='tabpanel']//div[contains(@class, 'jet-listing-dynamic-post-')][1]</msg>
<status status="PASS" starttime="20231126 22:49:42.610" endtime="20231126 22:49:42.610"/>
</kw>
<kw name="Click Element" library="SeleniumLibrary">
<arg>${current_xpath}</arg>
<doc>Click the element identified by ``locator``.</doc>
<msg timestamp="20231126 22:49:42.610" level="INFO">Clicking element 'xpath=//div[@data-template-id='12988' and @role='tabpanel']//div[contains(@class, 'jet-listing-dynamic-post-')][1]'.</msg>
<status status="PASS" starttime="20231126 22:49:42.610" endtime="20231126 22:49:43.270"/>
</kw>
<kw name="Get Element Count" library="SeleniumLibrary">
<var>${element_count}</var>
<arg>${BLOG_DETAIL_PAGE.lbl_sub_title}</arg>
<doc>Returns the number of elements matching ``locator``.</doc>
<msg timestamp="20231126 22:49:53.302" level="INFO">${element_count} = 0</msg>
<status status="PASS" starttime="20231126 22:49:43.270" endtime="20231126 22:49:53.302"/>
</kw>
<if>
<branch type="IF" condition="${element_count} &gt; 0">
<kw name="Get Text" library="SeleniumLibrary">
<var>${sub_title}</var>
<arg>${BLOG_DETAIL_PAGE.lbl_sub_title}</arg>
<doc>Returns the text value of the element identified by ``locator``.</doc>
<status status="NOT RUN" starttime="20231126 22:49:53.302" endtime="20231126 22:49:53.302"/>
</kw>
<kw name="Append To List" library="Collections">
<arg>${text_array}</arg>
<arg>${sub_title}</arg>
<doc>Adds ``values`` to the end of ``list``.</doc>
<status status="NOT RUN" starttime="20231126 22:49:53.302" endtime="20231126 22:49:53.302"/>
</kw>
<kw name="Log" library="BuiltIn">
<arg>Got text '${sub_title}' from Blog sub title</arg>
<doc>Logs the given message with the given level.</doc>
<status status="NOT RUN" starttime="20231126 22:49:53.302" endtime="20231126 22:49:53.302"/>
</kw>
<status status="NOT RUN" starttime="20231126 22:49:53.302" endtime="20231126 22:49:53.302"/>
</branch>
<branch type="ELSE">
<kw name="Log" library="BuiltIn">
<arg>This Blog doesn't have sub title</arg>
<doc>Logs the given message with the given level.</doc>
<msg timestamp="20231126 22:49:53.302" level="INFO">This Blog doesn't have sub title</msg>
<status status="PASS" starttime="20231126 22:49:53.302" endtime="20231126 22:49:53.302"/>
</kw>
<status status="PASS" starttime="20231126 22:49:53.302" endtime="20231126 22:49:53.302"/>
</branch>
<status status="PASS" starttime="20231126 22:49:53.302" endtime="20231126 22:49:53.302"/>
</if>
<kw name="Go Back" library="SeleniumLibrary">
<doc>Simulates the user clicking the back button on their browser.</doc>
<status status="PASS" starttime="20231126 22:49:53.302" endtime="20231126 22:49:53.699"/>
</kw>
<status status="PASS" starttime="20231126 22:49:42.610" endtime="20231126 22:49:53.699"/>
</iter>
<iter>
<var name="${index}">2</var>
<kw name="Convert To String" library="BuiltIn">
<var>${index_string}</var>
<arg>${index}</arg>
<doc>Converts the given item to a Unicode string.</doc>
<msg timestamp="20231126 22:49:53.699" level="INFO">${index_string} = 2</msg>
<status status="PASS" starttime="20231126 22:49:53.699" endtime="20231126 22:49:53.699"/>
</kw>
<kw name="Replace String" library="String">
<var>${current_xpath}</var>
<arg>${BLOG_DETAIL_PAGE.lbl_blog_list}</arg>
<arg>index</arg>
<arg>${index_string}</arg>
<doc>Replaces ``search_for`` in the given ``string`` with ``replace_with``.</doc>
<msg timestamp="20231126 22:49:53.701" level="INFO">${current_xpath} = xpath=//div[@data-template-id='12988' and @role='tabpanel']//div[contains(@class, 'jet-listing-dynamic-post-')][2]</msg>
<status status="PASS" starttime="20231126 22:49:53.699" endtime="20231126 22:49:53.701"/>
</kw>
<kw name="Click Element" library="SeleniumLibrary">
<arg>${current_xpath}</arg>
<doc>Click the element identified by ``locator``.</doc>
<msg timestamp="20231126 22:49:53.702" level="INFO">Clicking element 'xpath=//div[@data-template-id='12988' and @role='tabpanel']//div[contains(@class, 'jet-listing-dynamic-post-')][2]'.</msg>
<status status="PASS" starttime="20231126 22:49:53.701" endtime="20231126 22:49:55.777"/>
</kw>
<kw name="Get Element Count" library="SeleniumLibrary">
<var>${element_count}</var>
<arg>${BLOG_DETAIL_PAGE.lbl_sub_title}</arg>
<doc>Returns the number of elements matching ``locator``.</doc>
<msg timestamp="20231126 22:50:05.857" level="INFO">${element_count} = 0</msg>
<status status="PASS" starttime="20231126 22:49:55.778" endtime="20231126 22:50:05.857"/>
</kw>
<if>
<branch type="IF" condition="${element_count} &gt; 0">
<kw name="Get Text" library="SeleniumLibrary">
<var>${sub_title}</var>
<arg>${BLOG_DETAIL_PAGE.lbl_sub_title}</arg>
<doc>Returns the text value of the element identified by ``locator``.</doc>
<status status="NOT RUN" starttime="20231126 22:50:05.857" endtime="20231126 22:50:05.857"/>
</kw>
<kw name="Append To List" library="Collections">
<arg>${text_array}</arg>
<arg>${sub_title}</arg>
<doc>Adds ``values`` to the end of ``list``.</doc>
<status status="NOT RUN" starttime="20231126 22:50:05.857" endtime="20231126 22:50:05.857"/>
</kw>
<kw name="Log" library="BuiltIn">
<arg>Got text '${sub_title}' from Blog sub title</arg>
<doc>Logs the given message with the given level.</doc>
<status status="NOT RUN" starttime="20231126 22:50:05.858" endtime="20231126 22:50:05.858"/>
</kw>
<status status="NOT RUN" starttime="20231126 22:50:05.857" endtime="20231126 22:50:05.858"/>
</branch>
<branch type="ELSE">
<kw name="Log" library="BuiltIn">
<arg>This Blog doesn't have sub title</arg>
<doc>Logs the given message with the given level.</doc>
<msg timestamp="20231126 22:50:05.858" level="INFO">This Blog doesn't have sub title</msg>
<status status="PASS" starttime="20231126 22:50:05.858" endtime="20231126 22:50:05.858"/>
</kw>
<status status="PASS" starttime="20231126 22:50:05.858" endtime="20231126 22:50:05.858"/>
</branch>
<status status="PASS" starttime="20231126 22:50:05.857" endtime="20231126 22:50:05.858"/>
</if>
<kw name="Go Back" library="SeleniumLibrary">
<doc>Simulates the user clicking the back button on their browser.</doc>
<status status="PASS" starttime="20231126 22:50:05.858" endtime="20231126 22:50:05.981"/>
</kw>
<status status="PASS" starttime="20231126 22:49:53.699" endtime="20231126 22:50:05.981"/>
</iter>
<iter>
<var name="${index}">3</var>
<kw name="Convert To String" library="BuiltIn">
<var>${index_string}</var>
<arg>${index}</arg>
<doc>Converts the given item to a Unicode string.</doc>
<msg timestamp="20231126 22:50:05.981" level="INFO">${index_string} = 3</msg>
<status status="PASS" starttime="20231126 22:50:05.981" endtime="20231126 22:50:05.981"/>
</kw>
<kw name="Replace String" library="String">
<var>${current_xpath}</var>
<arg>${BLOG_DETAIL_PAGE.lbl_blog_list}</arg>
<arg>index</arg>
<arg>${index_string}</arg>
<doc>Replaces ``search_for`` in the given ``string`` with ``replace_with``.</doc>
<msg timestamp="20231126 22:50:05.983" level="INFO">${current_xpath} = xpath=//div[@data-template-id='12988' and @role='tabpanel']//div[contains(@class, 'jet-listing-dynamic-post-')][3]</msg>
<status status="PASS" starttime="20231126 22:50:05.981" endtime="20231126 22:50:05.983"/>
</kw>
<kw name="Click Element" library="SeleniumLibrary">
<arg>${current_xpath}</arg>
<doc>Click the element identified by ``locator``.</doc>
<msg timestamp="20231126 22:50:05.983" level="INFO">Clicking element 'xpath=//div[@data-template-id='12988' and @role='tabpanel']//div[contains(@class, 'jet-listing-dynamic-post-')][3]'.</msg>
<status status="PASS" starttime="20231126 22:50:05.983" endtime="20231126 22:50:08.372"/>
</kw>
<kw name="Get Element Count" library="SeleniumLibrary">
<var>${element_count}</var>
<arg>${BLOG_DETAIL_PAGE.lbl_sub_title}</arg>
<doc>Returns the number of elements matching ``locator``.</doc>
<msg timestamp="20231126 22:50:08.384" level="INFO">${element_count} = 1</msg>
<status status="PASS" starttime="20231126 22:50:08.372" endtime="20231126 22:50:08.384"/>
</kw>
<if>
<branch type="IF" condition="${element_count} &gt; 0">
<kw name="Get Text" library="SeleniumLibrary">
<var>${sub_title}</var>
<arg>${BLOG_DETAIL_PAGE.lbl_sub_title}</arg>
<doc>Returns the text value of the element identified by ``locator``.</doc>
<msg timestamp="20231126 22:50:08.421" level="INFO">${sub_title} = แนวทางสำหรับการพัฒนาระบบที่มีความซับซ้อนอย่างมีประสิทธิภาพ</msg>
<status status="PASS" starttime="20231126 22:50:08.384" endtime="20231126 22:50:08.421"/>
</kw>
<kw name="Append To List" library="Collections">
<arg>${text_array}</arg>
<arg>${sub_title}</arg>
<doc>Adds ``values`` to the end of ``list``.</doc>
<status status="PASS" starttime="20231126 22:50:08.421" endtime="20231126 22:50:08.421"/>
</kw>
<kw name="Log" library="BuiltIn">
<arg>Got text '${sub_title}' from Blog sub title</arg>
<doc>Logs the given message with the given level.</doc>
<msg timestamp="20231126 22:50:08.421" level="INFO">Got text 'แนวทางสำหรับการพัฒนาระบบที่มีความซับซ้อนอย่างมีประสิทธิภาพ' from Blog sub title</msg>
<status status="PASS" starttime="20231126 22:50:08.421" endtime="20231126 22:50:08.421"/>
</kw>
<status status="PASS" starttime="20231126 22:50:08.384" endtime="20231126 22:50:08.421"/>
</branch>
<branch type="ELSE">
<kw name="Log" library="BuiltIn">
<arg>This Blog doesn't have sub title</arg>
<doc>Logs the given message with the given level.</doc>
<status status="NOT RUN" starttime="20231126 22:50:08.421" endtime="20231126 22:50:08.421"/>
</kw>
<status status="NOT RUN" starttime="20231126 22:50:08.421" endtime="20231126 22:50:08.421"/>
</branch>
<status status="PASS" starttime="20231126 22:50:08.384" endtime="20231126 22:50:08.421"/>
</if>
<kw name="Go Back" library="SeleniumLibrary">
<doc>Simulates the user clicking the back button on their browser.</doc>
<status status="PASS" starttime="20231126 22:50:08.421" endtime="20231126 22:50:08.607"/>
</kw>
<status status="PASS" starttime="20231126 22:50:05.981" endtime="20231126 22:50:08.607"/>
</iter>
<status status="PASS" starttime="20231126 22:49:42.610" endtime="20231126 22:50:08.607"/>
</for>
<kw name="Set Global Variable" library="BuiltIn">
<arg>${text_array}</arg>
<doc>Makes a variable available globally in all tests and suites.</doc>
<msg timestamp="20231126 22:50:08.607" level="INFO">${text_array} = ['แนวทางสำหรับการพัฒนาระบบที่มีความซับซ้อนอย่างมีประสิทธิภาพ']</msg>
<status status="PASS" starttime="20231126 22:50:08.607" endtime="20231126 22:50:08.607"/>
</kw>
<status status="PASS" starttime="20231126 22:49:42.610" endtime="20231126 22:50:08.607"/>
</kw>
<kw name="Search sub title then compare with sub title that stored in the array" library="blog_detail_features">
<kw name="Get Length" library="BuiltIn">
<var>${array_length}</var>
<arg>${text_array}</arg>
<doc>Returns and logs the length of the given item as an integer.</doc>
<msg timestamp="20231126 22:50:08.611" level="INFO">Length is 1</msg>
<msg timestamp="20231126 22:50:08.611" level="INFO">${array_length} = 1</msg>
<status status="PASS" starttime="20231126 22:50:08.611" endtime="20231126 22:50:08.611"/>
</kw>
<for flavor="IN RANGE">
<var>${index}</var>
<value>${array_length}</value>
<iter>
<var name="${index}">0</var>
<kw name="Input text on the search field and click search" library="search_features">
<arg>${text_array}[${index}]</arg>
<doc>${Locator_tab} is tap menu that user need to select.</doc>
<kw name="Click on the magnifier icon" library="blog_page">
<kw name="Click Element" library="SeleniumLibrary">
<arg>${BLOG_PAGE.lbl_magnifier}</arg>
<doc>Click the element identified by ``locator``.</doc>
<msg timestamp="20231126 22:50:08.612" level="INFO">Clicking element 'xpath=//div[@data-id='46fef44']//a'.</msg>
<status status="PASS" starttime="20231126 22:50:08.612" endtime="20231126 22:50:09.201"/>
</kw>
<status status="PASS" starttime="20231126 22:50:08.612" endtime="20231126 22:50:09.201"/>
</kw>
<kw name="Input text on the search field" library="search_page">
<arg>${Locator_tab}</arg>
<doc>${text_search} is text that user need to search</doc>
<kw name="Input Text" library="SeleniumLibrary">
<arg>${SEARCH_PAGE.txt_search}</arg>
<arg>${text_search}</arg>
<doc>Types the given ``text`` into the text field identified by ``locator``.</doc>
<msg timestamp="20231126 22:50:09.207" level="INFO">Typing text 'แนวทางสำหรับการพัฒนาระบบที่มีความซับซ้อนอย่างมีประสิทธิภาพ' into text field 'xpath=//input[@class='jet-ajax-search__field']'.</msg>
<status status="PASS" starttime="20231126 22:50:09.207" endtime="20231126 22:50:09.642"/>
</kw>
<status status="PASS" starttime="20231126 22:50:09.201" endtime="20231126 22:50:09.642"/>
</kw>
<kw name="Click search submit" library="search_page">
<kw name="Click Element" library="SeleniumLibrary">
<arg>${SEARCH_PAGE.btn_search_submit}</arg>
<doc>Click the element identified by ``locator``.</doc>
<msg timestamp="20231126 22:50:09.643" level="INFO">Clicking element 'xpath=//button[@class='jet-ajax-search__submit']'.</msg>
<status status="PASS" starttime="20231126 22:50:09.642" endtime="20231126 22:50:10.987"/>
</kw>
<status status="PASS" starttime="20231126 22:50:09.642" endtime="20231126 22:50:10.987"/>
</kw>
<status status="PASS" starttime="20231126 22:50:08.611" endtime="20231126 22:50:10.994"/>
</kw>
<kw name="Get Element Count" library="SeleniumLibrary">
<var>${element_count}</var>
<arg>${SEARCH_PAGE.lbl_blog}</arg>
<doc>Returns the number of elements matching ``locator``.</doc>
<msg timestamp="20231126 22:50:11.007" level="INFO">${element_count} = 1</msg>
<status status="PASS" starttime="20231126 22:50:10.994" endtime="20231126 22:50:11.007"/>
</kw>
<kw name="Convert To String" library="BuiltIn">
<var>${string_count}</var>
<arg>${element_count}</arg>
<doc>Converts the given item to a Unicode string.</doc>
<msg timestamp="20231126 22:50:11.007" level="INFO">${string_count} = 1</msg>
<status status="PASS" starttime="20231126 22:50:11.007" endtime="20231126 22:50:11.007"/>
</kw>
<kw name="Should Be Equal" library="BuiltIn">
<arg>${string_count}</arg>
<arg>1</arg>
<doc>Fails if the given objects are unequal.</doc>
<status status="PASS" starttime="20231126 22:50:11.007" endtime="20231126 22:50:11.007"/>
</kw>
<kw name="Click Element" library="SeleniumLibrary">
<arg>${SEARCH_PAGE.lbl_blog}</arg>
<doc>Click the element identified by ``locator``.</doc>
<msg timestamp="20231126 22:50:11.015" level="INFO">Clicking element 'xpath=//div[@data-id='494bb52f']//div[contains(@class, 'jet-listing-dynamic-post-')]'.</msg>
<status status="PASS" starttime="20231126 22:50:11.007" endtime="20231126 22:50:11.947"/>
</kw>
<kw name="Get Text" library="SeleniumLibrary">
<var>${element_text}</var>
<arg>${BLOG_DETAIL_PAGE.lbl_sub_title}</arg>
<doc>Returns the text value of the element identified by ``locator``.</doc>
<msg timestamp="20231126 22:50:11.971" level="INFO">${element_text} = แนวทางสำหรับการพัฒนาระบบที่มีความซับซ้อนอย่างมีประสิทธิภาพ</msg>
<status status="PASS" starttime="20231126 22:50:11.947" endtime="20231126 22:50:11.971"/>
</kw>
<kw name="Should Be Equal As Strings" library="BuiltIn">
<arg>${text_array}[${index}]</arg>
<arg>${element_text}</arg>
<doc>Fails if objects are unequal after converting them to strings.</doc>
<status status="PASS" starttime="20231126 22:50:11.971" endtime="20231126 22:50:11.971"/>
</kw>
<status status="PASS" starttime="20231126 22:50:08.611" endtime="20231126 22:50:11.971"/>
</iter>
<status status="PASS" starttime="20231126 22:50:08.611" endtime="20231126 22:50:11.971"/>
</for>
<status status="PASS" starttime="20231126 22:50:08.611" endtime="20231126 22:50:11.971"/>
</kw>
<kw name="Close All Browsers" library="SeleniumLibrary" type="TEARDOWN">
<doc>Closes all open browsers and resets the browser cache.</doc>
<status status="PASS" starttime="20231126 22:50:11.971" endtime="20231126 22:50:18.330"/>
</kw>
<tag>integration</tag>
<status status="PASS" starttime="20231126 22:49:32.310" endtime="20231126 22:50:18.331"/>
</test>
<status status="PASS" starttime="20231126 22:49:32.089" endtime="20231126 22:50:18.332"/>
</suite>
<statistics>
<total>
<stat pass="1" fail="0" skip="0">All Tests</stat>
</total>
<tag>
<stat pass="1" fail="0" skip="0">integration</stat>
</tag>
<suite>
<stat pass="1" fail="0" skip="0" id="s1" name="Blog Detail">Blog Detail</stat>
</suite>
</statistics>
<errors>
</errors>
</robot>
